<?xml version="1.0" encoding="UTF-8"?>
<Site BuildName="(empty)"
	BuildStamp="20240812-0101-Experimental"
	Name="wky"
	Generator="ctest-3.16.3"
	CompilerName="/usr/bin/c++"
	CompilerVersion="9.4.0"
	OSName="Linux"
	Hostname="wky"
	OSRelease="5.15.0-113-generic"
	OSVersion="#123~20.04.1-Ubuntu SMP Wed Jun 12 17:33:13 UTC 2024"
	OSPlatform="x86_64"
	Is64Bits="1"
	VendorString="GenuineIntel"
	VendorID="Intel Corporation"
	FamilyID="6"
	ModelID="183"
	ProcessorCacheSize="24576"
	NumberOfLogicalCPU="20"
	NumberOfPhysicalCPU="14"
	TotalVirtualMemory="9765"
	TotalPhysicalMemory="31776"
	LogicalProcessorsPerPhysical="1"
	ProcessorClockFrequency="3696.45"
	>
	<Testing>
		<StartDateTime>Aug 12 15:16 CST</StartDateTime>
		<StartTestTime>1723447005</StartTestTime>
		<TestList/>
		<EndDateTime>Aug 12 15:16 CST</EndDateTime>
		<EndTestTime>1723447005</EndTestTime>
		<ElapsedMinutes>0</ElapsedMinutes>
	</Testing>
</Site>
